<?xml version="1.0" encoding="UTF-8"?>
<!-- Generated by org.testng.reporters.JUnitXMLReporter -->
<testsuite ignored="0" hostname="dnid0680l01.local" failures="8" tests="34" name="EmployeeRestAPITest" time="6.768" errors="0" timestamp="29 Apr 2020 06:20:46 GMT">
  <testcase classname="com.employeeapi.testCases.TC_001_Get_All_Employees" name="checkContentEncoding" time="0.014"/>
  <testcase classname="com.employeeapi.testCases.TC_001_Get_All_Employees" name="checkContentLength" time="0.001"/>
  <testcase classname="com.employeeapi.testCases.TC_001_Get_All_Employees" name="checkContentType" time="0.002"/>
  <testcase classname="com.employeeapi.testCases.TC_001_Get_All_Employees" name="checkCookies" time="0.002"/>
  <testcase classname="com.employeeapi.testCases.TC_001_Get_All_Employees" name="checkResponseBody" time="0.015"/>
  <testcase classname="com.employeeapi.testCases.TC_001_Get_All_Employees" name="checkResponseTime" time="0.001"/>
  <testcase classname="com.employeeapi.testCases.TC_001_Get_All_Employees" name="checkServerType" time="0.002"/>
  <testcase classname="com.employeeapi.testCases.TC_001_Get_All_Employees" name="checkStatusCode" time="0.002"/>
  <testcase classname="com.employeeapi.testCases.TC_001_Get_All_Employees" name="checkStatusLine" time="0.001"/>
  <testcase classname="com.employeeapi.testCases.TC_002_Get_Single_Employee_Record" name="checkContentLength" time="0.002"/>
  <testcase classname="com.employeeapi.testCases.TC_002_Get_Single_Employee_Record" name="checkContentType" time="0.001"/>
  <testcase classname="com.employeeapi.testCases.TC_002_Get_Single_Employee_Record" name="checkResponseBody" time="0.002">
    <failure type="java.lang.AssertionError" message="expected [true] but found [false]">
      <![CDATA[java.lang.AssertionError: expected [true] but found [false]
at com.employeeapi.testCases.TC_002_Get_Single_Employee_Record.checkResponseBody(TC_002_Get_Single_Employee_Record.java:35)
... Removed 31 stack frames]]>
    </failure>
  </testcase> <!-- checkResponseBody -->
  <testcase classname="com.employeeapi.testCases.TC_002_Get_Single_Employee_Record" name="checkResponseTime" time="0.0"/>
  <testcase classname="com.employeeapi.testCases.TC_002_Get_Single_Employee_Record" name="checkServerType" time="0.0"/>
  <testcase classname="com.employeeapi.testCases.TC_002_Get_Single_Employee_Record" name="checkStatusCode" time="0.001">
    <failure type="java.lang.AssertionError" message="expected [200] but found [400]">
      <![CDATA[java.lang.AssertionError: expected [200] but found [400]
at com.employeeapi.testCases.TC_002_Get_Single_Employee_Record.checkStatusCode(TC_002_Get_Single_Employee_Record.java:42)
... Removed 31 stack frames]]>
    </failure>
  </testcase> <!-- checkStatusCode -->
  <testcase classname="com.employeeapi.testCases.TC_002_Get_Single_Employee_Record" name="checkStatusLine" time="0.001">
    <failure type="java.lang.AssertionError" message="expected [HTTP/1.1 200 OK] but found [HTTP/1.1 400 Bad Request]">
      <![CDATA[java.lang.AssertionError: expected [HTTP/1.1 200 OK] but found [HTTP/1.1 400 Bad Request]
at com.employeeapi.testCases.TC_002_Get_Single_Employee_Record.checkStatusLine(TC_002_Get_Single_Employee_Record.java:56)
... Removed 31 stack frames]]>
    </failure>
  </testcase> <!-- checkStatusLine -->
  <testcase classname="com.employeeapi.testCases.TC_003_Post_Employee_Record" name="checkContentEncoding" time="0.001">
    <failure type="java.lang.AssertionError" message="expected [gzip] but found [null]">
      <![CDATA[java.lang.AssertionError: expected [gzip] but found [null]
at com.employeeapi.testCases.TC_003_Post_Employee_Record.checkContentEncoding(TC_003_Post_Employee_Record.java:91)
... Removed 31 stack frames]]>
    </failure>
  </testcase> <!-- checkContentEncoding -->
  <testcase classname="com.employeeapi.testCases.TC_003_Post_Employee_Record" name="checkContentType" time="0.001"/>
  <testcase classname="com.employeeapi.testCases.TC_003_Post_Employee_Record" name="checkResponseBody" time="0.001"/>
  <testcase classname="com.employeeapi.testCases.TC_003_Post_Employee_Record" name="checkServerType" time="0.001"/>
  <testcase classname="com.employeeapi.testCases.TC_003_Post_Employee_Record" name="checkStatusCode" time="0.001"/>
  <testcase classname="com.employeeapi.testCases.TC_003_Post_Employee_Record" name="checkStatusLine" time="0.0"/>
  <testcase classname="com.employeeapi.testCases.TC_004_Put_Employee_Record" name="checkContentEncoding" time="0.002">
    <failure type="java.lang.AssertionError" message="expected [gzip] but found [null]">
      <![CDATA[java.lang.AssertionError: expected [gzip] but found [null]
at com.employeeapi.testCases.TC_004_Put_Employee_Record.checkContentEncoding(TC_004_Put_Employee_Record.java:91)
... Removed 31 stack frames]]>
    </failure>
  </testcase> <!-- checkContentEncoding -->
  <testcase classname="com.employeeapi.testCases.TC_004_Put_Employee_Record" name="checkContentType" time="0.002"/>
  <testcase classname="com.employeeapi.testCases.TC_004_Put_Employee_Record" name="checkResponseBody" time="0.001">
    <failure type="java.lang.AssertionError" message="expected [true] but found [false]">
      <![CDATA[java.lang.AssertionError: expected [true] but found [false]
at com.employeeapi.testCases.TC_004_Put_Employee_Record.checkResponseBody(TC_004_Put_Employee_Record.java:52)
... Removed 31 stack frames]]>
    </failure>
  </testcase> <!-- checkResponseBody -->
  <testcase classname="com.employeeapi.testCases.TC_004_Put_Employee_Record" name="checkServerType" time="0.001"/>
  <testcase classname="com.employeeapi.testCases.TC_004_Put_Employee_Record" name="checkStatusCode" time="0.0"/>
  <testcase classname="com.employeeapi.testCases.TC_004_Put_Employee_Record" name="checkStatusLine" time="0.001"/>
  <testcase classname="com.employeeapi.testCases.TC_005_Delete_Employee_Record" name="checkContentEncoding" time="0.001">
    <failure type="java.lang.AssertionError" message="expected [gzip] but found [null]">
      <![CDATA[java.lang.AssertionError: expected [gzip] but found [null]
at com.employeeapi.testCases.TC_005_Delete_Employee_Record.checkContentEncoding(TC_005_Delete_Employee_Record.java:80)
... Removed 31 stack frames]]>
    </failure>
  </testcase> <!-- checkContentEncoding -->
  <testcase classname="com.employeeapi.testCases.TC_005_Delete_Employee_Record" name="checkContentType" time="0.001"/>
  <testcase classname="com.employeeapi.testCases.TC_005_Delete_Employee_Record" name="checkResponseBody" time="0.001">
    <failure type="java.lang.AssertionError" message="expected [true] but found [false]">
      <![CDATA[java.lang.AssertionError: expected [true] but found [false]
at com.employeeapi.testCases.TC_005_Delete_Employee_Record.checkResponseBody(TC_005_Delete_Employee_Record.java:43)
... Removed 31 stack frames]]>
    </failure>
  </testcase> <!-- checkResponseBody -->
  <testcase classname="com.employeeapi.testCases.TC_005_Delete_Employee_Record" name="checkServerType" time="0.001"/>
  <testcase classname="com.employeeapi.testCases.TC_005_Delete_Employee_Record" name="checkStatusCode" time="0.0"/>
  <testcase classname="com.employeeapi.testCases.TC_005_Delete_Employee_Record" name="checkStatusLine" time="0.001"/>
</testsuite> <!-- EmployeeRestAPITest -->
